<?xml version="1.0" encoding="UTF-8"?>
<beans xmlns="http://www.springframework.org/schema/beans"
	xmlns:xsi="http://www.w3.org/2001/XMLSchema-instance" xmlns:p="http://www.springframework.org/schema/p"
	xmlns:context="http://www.springframework.org/schema/context"
	xmlns:mvc="http://www.springframework.org/schema/mvc"
	xsi:schemaLocation="http://www.springframework.org/schema/beans 
	http://www.springframework.org/schema/beans/spring-beans-3.1.xsd
	http://www.springframework.org/schema/context 
	http://www.springframework.org/schema/context/spring-context-3.1.xsd
	http://www.springframework.org/schema/mvc 
	http://www.springframework.org/schema/mvc/spring-mvc-3.1.xsd">
	<context:component-scan base-package="dao,controller,service"></context:component-scan>
	<mvc:annotation-driven />
	<mvc:resources location="/css/" mapping="/csss/*" />
	<mvc:resources location="/image/" mapping="/img/**" />
	<mvc:resources location="/upLoad/" mapping="/upLoad/*" />

	<!-- <bean
		class="org.springframework.web.servlet.view.InternalResourceViewResolver">
		<property name="prefix" value="/"></property>
		<property name="suffix" value=".jsp"></property>
	</bean> -->


	<bean
		class="org.springframework.web.servlet.view.ContentNegotiatingViewResolver">
		<property name="contentNegotiationManager">
			<bean
				class="org.springframework.web.accept.ContentNegotiationManagerFactoryBean">

				<property name="mediaTypes">
					<map>
						<entry key="json" value="application/json"></entry>
						<entry key="xml" value="application/xml"></entry>
					</map>
				</property>
			</bean>
		</property>
		<property name="defaultViews">
			<list>
				<bean class="com.alibaba.fastjson.support.spring.FastJsonJsonView"></bean>
				<bean class="org.springframework.web.servlet.view.xml.MarshallingView">
					<constructor-arg>
						<bean class="org.springframework.oxm.jaxb.Jaxb2Marshaller">
							<property name="classesToBeBound">

								<list>
									<value>entity.Stu</value>
								</list>
							</property>
						</bean>
					</constructor-arg>
				</bean>
			</list>
		</property>
	</bean>

	<!-- 获取database.properties -->
	<bean
		class="org.springframework.beans.factory.config.PropertyPlaceholderConfigurer">
		<property name="location">
			<value>classpath:database.properties</value>
		</property>
	</bean>
	<!-- 连接 -->
	<bean id="dataSource" class="org.apache.commons.dbcp.BasicDataSource">
		<property name="driverClassName" value="${driver}"></property>
		<property name="url" value="${url}"></property>
		<property name="username" value="${user}"></property>
		<property name="password" value="${password}"></property>
	</bean>
	<!-- 建立工厂 -->
	<bean id="sqlSessionFactory" class="org.mybatis.spring.SqlSessionFactoryBean">
		<property name="dataSource" ref="dataSource"></property>
		<property name="configLocation" value="classpath:mybatis-config.xml"></property>
	</bean>


	<bean class="org.mybatis.spring.mapper.MapperScannerConfigurer">
		<property name="basePackage" value="dao"></property>
	</bean>



	<!-- 文件上传解析器 -->
	<bean id="multipartResolver"
		class="org.springframework.web.multipart.commons.CommonsMultipartResolver">
		<property name="maxUploadSize" value="5000000"></property>
		<property name="defaultEncoding" value="UTF-8"></property>
	</bean>

</beans>